<?xml version="1.0" encoding="UTF-8"?>
<!-- Generated by org.testng.reporters.JUnitXMLReporter -->
<testsuite ignored="0" hostname="DESKTOP-LDK6U86" failures="0" tests="4" name="Login Test Cases" time="51.759" errors="0" timestamp="2023-03-14T11:47:34 IST">
  <testcase classname="LoginTestCases.BothCorrect" name="loginwithCorrectUserName" time="15.992"/>
  <testcase classname="LoginTestCases.BothIncorrect" name="loginwithCorrectUserName" time="12.943"/>
  <testcase classname="LoginTestCases.CorrectPassword" name="loginwithCorrectUserName" time="11.289"/>
  <testcase classname="LoginTestCases.CorrectUsername" name="loginwithCorrectUserName" time="11.471"/>
</testsuite> <!-- Login Test Cases -->
