<?xml version="1.0" encoding="UTF-8"?>
<!-- Generated by org.testng.reporters.JUnitXMLReporter -->
<testsuite ignored="0" hostname="DESKTOP-LDK6U86" failures="0" tests="4" name="Default test" time="52.531" errors="0" timestamp="2023-03-14T14:48:31 IST">
  <testcase classname="LoginTestCases.Login" name="loginwithCorrectUserName" time="15.499"/>
  <testcase classname="LoginTestCases.Login" name="loginwithCorrectUserName" time="12.572"/>
  <testcase classname="LoginTestCases.Login" name="loginwithCorrectUserName" time="11.913"/>
  <testcase classname="LoginTestCases.Login" name="loginwithCorrectUserName" time="12.451"/>
</testsuite> <!-- Default test -->
