<?xml version="1.0" encoding="UTF-8"?>
<!-- Generated by org.testng.reporters.JUnitXMLReporter -->
<testsuite ignored="0" hostname="DESKTOP-LDK6U86" failures="0" tests="4" name="Default test" time="28.696" errors="0" timestamp="2023-03-14T19:35:37 IST">
  <testcase classname="LoginTestCases.Login" name="loginwithCorrectUserName" time="9.519"/>
  <testcase classname="LoginTestCases.Login" name="loginwithCorrectUserName" time="3.813"/>
  <testcase classname="LoginTestCases.Login" name="loginwithCorrectUserName" time="5.251"/>
  <testcase classname="LoginTestCases.Login" name="loginwithCorrectUserName" time="4.912"/>
</testsuite> <!-- Default test -->
