<?xml version="1.0" encoding="UTF-8"?>
<testng-results ignored="0" total="4" passed="4" failed="0" skipped="0">
  <reporter-output>
  </reporter-output>
  <suite started-at="2023-03-14T14:47:39 IST" name="Default suite" finished-at="2023-03-14T14:48:31 IST" duration-ms="52531">
    <groups>
    </groups>
    <test started-at="2023-03-14T14:47:39 IST" name="Default test" finished-at="2023-03-14T14:48:31 IST" duration-ms="52531">
      <class name="LoginTestCases.Login">
        <test-method signature="loginwithCorrectUserName(java.lang.String,java.lang.String)[pri:0, instance:LoginTestCases.Login@56528192]" started-at="2023-03-14T14:47:39 IST" name="loginwithCorrectUserName" data-provider="Logindata" finished-at="2023-03-14T14:47:54 IST" duration-ms="15499" status="PASS">
          <params>
            <param index="0">
              <value>
                <![CDATA[Admin]]>
              </value>
            </param>
            <param index="1">
              <value>
                <![CDATA[admin123]]>
              </value>
            </param>
          </params>
          <reporter-output>
          </reporter-output>
        </test-method> <!-- loginwithCorrectUserName -->
        <test-method signature="loginwithCorrectUserName(java.lang.String,java.lang.String)[pri:0, instance:LoginTestCases.Login@56528192]" started-at="2023-03-14T14:47:54 IST" name="loginwithCorrectUserName" data-provider="Logindata" finished-at="2023-03-14T14:48:07 IST" duration-ms="12572" status="PASS">
          <params>
            <param index="0">
              <value>
                <![CDATA[dummy]]>
              </value>
            </param>
            <param index="1">
              <value>
                <![CDATA[dummy]]>
              </value>
            </param>
          </params>
          <reporter-output>
          </reporter-output>
        </test-method> <!-- loginwithCorrectUserName -->
        <test-method signature="loginwithCorrectUserName(java.lang.String,java.lang.String)[pri:0, instance:LoginTestCases.Login@56528192]" started-at="2023-03-14T14:48:07 IST" name="loginwithCorrectUserName" data-provider="Logindata" finished-at="2023-03-14T14:48:19 IST" duration-ms="11913" status="PASS">
          <params>
            <param index="0">
              <value>
                <![CDATA[Admin]]>
              </value>
            </param>
            <param index="1">
              <value>
                <![CDATA[dummy]]>
              </value>
            </param>
          </params>
          <reporter-output>
          </reporter-output>
        </test-method> <!-- loginwithCorrectUserName -->
        <test-method signature="loginwithCorrectUserName(java.lang.String,java.lang.String)[pri:0, instance:LoginTestCases.Login@56528192]" started-at="2023-03-14T14:48:19 IST" name="loginwithCorrectUserName" data-provider="Logindata" finished-at="2023-03-14T14:48:31 IST" duration-ms="12451" status="PASS">
          <params>
            <param index="0">
              <value>
                <![CDATA[dummy]]>
              </value>
            </param>
            <param index="1">
              <value>
                <![CDATA[admin123]]>
              </value>
            </param>
          </params>
          <reporter-output>
          </reporter-output>
        </test-method> <!-- loginwithCorrectUserName -->
      </class> <!-- LoginTestCases.Login -->
    </test> <!-- Default test -->
  </suite> <!-- Default suite -->
</testng-results>
