<?xml version="1.0" encoding="UTF-8"?>
<testng-results ignored="0" total="4" passed="4" failed="0" skipped="0">
  <reporter-output>
  </reporter-output>
  <suite started-at="2023-03-14T11:46:42 IST" name="Login Suite" finished-at="2023-03-14T11:47:34 IST" duration-ms="51759">
    <groups>
    </groups>
    <test started-at="2023-03-14T11:46:42 IST" name="Login Test Cases" finished-at="2023-03-14T11:47:34 IST" duration-ms="51759">
      <class name="LoginTestCases.BothCorrect">
        <test-method signature="loginwithCorrectUserName()[pri:0, instance:LoginTestCases.BothCorrect@d4342c2]" started-at="2023-03-14T11:46:42 IST" name="loginwithCorrectUserName" finished-at="2023-03-14T11:46:58 IST" duration-ms="15992" status="PASS">
          <reporter-output>
          </reporter-output>
        </test-method> <!-- loginwithCorrectUserName -->
      </class> <!-- LoginTestCases.BothCorrect -->
      <class name="LoginTestCases.CorrectPassword">
        <test-method signature="loginwithCorrectUserName()[pri:0, instance:LoginTestCases.CorrectPassword@78aab498]" started-at="2023-03-14T11:47:11 IST" name="loginwithCorrectUserName" finished-at="2023-03-14T11:47:23 IST" duration-ms="11289" status="PASS">
          <reporter-output>
          </reporter-output>
        </test-method> <!-- loginwithCorrectUserName -->
      </class> <!-- LoginTestCases.CorrectPassword -->
      <class name="LoginTestCases.CorrectUsername">
        <test-method signature="loginwithCorrectUserName()[pri:0, instance:LoginTestCases.CorrectUsername@5dd6264]" started-at="2023-03-14T11:47:23 IST" name="loginwithCorrectUserName" finished-at="2023-03-14T11:47:34 IST" duration-ms="11471" status="PASS">
          <reporter-output>
          </reporter-output>
        </test-method> <!-- loginwithCorrectUserName -->
      </class> <!-- LoginTestCases.CorrectUsername -->
      <class name="LoginTestCases.BothIncorrect">
        <test-method signature="loginwithCorrectUserName()[pri:0, instance:LoginTestCases.BothIncorrect@159f197]" started-at="2023-03-14T11:46:58 IST" name="loginwithCorrectUserName" finished-at="2023-03-14T11:47:11 IST" duration-ms="12943" status="PASS">
          <reporter-output>
          </reporter-output>
        </test-method> <!-- loginwithCorrectUserName -->
      </class> <!-- LoginTestCases.BothIncorrect -->
    </test> <!-- Login Test Cases -->
  </suite> <!-- Login Suite -->
</testng-results>
